Determining if the pthread_create exist failed with the following output:
Change Dir: /home/pi/mjpg/mjpg-streamer/mjpg-streamer-experimental/_build/CMakeFiles/CMakeTmp

Run Build Command:"/usr/bin/make" "cmTC_ca40a/fast"
make[1]: Entering directory '/home/pi/mjpg/mjpg-streamer/mjpg-streamer-experimental/_build/CMakeFiles/CMakeTmp'
/usr/bin/make -f CMakeFiles/cmTC_ca40a.dir/build.make CMakeFiles/cmTC_ca40a.dir/build
make[2]: Entering directory '/home/pi/mjpg/mjpg-streamer/mjpg-streamer-experimental/_build/CMakeFiles/CMakeTmp'
Building C object CMakeFiles/cmTC_ca40a.dir/CheckSymbolExists.c.o
/usr/bin/cc     -o CMakeFiles/cmTC_ca40a.dir/CheckSymbolExists.c.o   -c /home/pi/mjpg/mjpg-streamer/mjpg-streamer-experimental/_build/CMakeFiles/CMakeTmp/CheckSymbolExists.c
Linking C executable cmTC_ca40a
/usr/bin/cmake -E cmake_link_script CMakeFiles/cmTC_ca40a.dir/link.txt --verbose=1
/usr/bin/cc       CMakeFiles/cmTC_ca40a.dir/CheckSymbolExists.c.o  -o cmTC_ca40a -rdynamic 
CMakeFiles/cmTC_ca40a.dir/CheckSymbolExists.c.o: In function `main':
CheckSymbolExists.c:(.text+0x38): undefined reference to `pthread_create'
collect2: error: ld returned 1 exit status
CMakeFiles/cmTC_ca40a.dir/build.make:97: recipe for target 'cmTC_ca40a' failed
make[2]: *** [cmTC_ca40a] Error 1
make[2]: Leaving directory '/home/pi/mjpg/mjpg-streamer/mjpg-streamer-experimental/_build/CMakeFiles/CMakeTmp'
Makefile:126: recipe for target 'cmTC_ca40a/fast' failed
make[1]: *** [cmTC_ca40a/fast] Error 2
make[1]: Leaving directory '/home/pi/mjpg/mjpg-streamer/mjpg-streamer-experimental/_build/CMakeFiles/CMakeTmp'

File /home/pi/mjpg/mjpg-streamer/mjpg-streamer-experimental/_build/CMakeFiles/CMakeTmp/CheckSymbolExists.c:
/* */
#include <pthread.h>

int main(int argc, char** argv)
{
  (void)argv;
#ifndef pthread_create
  return ((int*)(&pthread_create))[argc];
#else
  (void)argc;
  return 0;
#endif
}

Determining if the function pthread_create exists in the pthreads failed with the following output:
Change Dir: /home/pi/mjpg/mjpg-streamer/mjpg-streamer-experimental/_build/CMakeFiles/CMakeTmp

Run Build Command:"/usr/bin/make" "cmTC_21f5a/fast"
make[1]: Entering directory '/home/pi/mjpg/mjpg-streamer/mjpg-streamer-experimental/_build/CMakeFiles/CMakeTmp'
/usr/bin/make -f CMakeFiles/cmTC_21f5a.dir/build.make CMakeFiles/cmTC_21f5a.dir/build
make[2]: Entering directory '/home/pi/mjpg/mjpg-streamer/mjpg-streamer-experimental/_build/CMakeFiles/CMakeTmp'
Building C object CMakeFiles/cmTC_21f5a.dir/CheckFunctionExists.c.o
/usr/bin/cc    -DCHECK_FUNCTION_EXISTS=pthread_create   -o CMakeFiles/cmTC_21f5a.dir/CheckFunctionExists.c.o   -c /usr/share/cmake-3.7/Modules/CheckFunctionExists.c
Linking C executable cmTC_21f5a
/usr/bin/cmake -E cmake_link_script CMakeFiles/cmTC_21f5a.dir/link.txt --verbose=1
/usr/bin/cc   -DCHECK_FUNCTION_EXISTS=pthread_create    CMakeFiles/cmTC_21f5a.dir/CheckFunctionExists.c.o  -o cmTC_21f5a -rdynamic -lpthreads 
/usr/bin/ld: cannot find -lpthreads
collect2: error: ld returned 1 exit status
CMakeFiles/cmTC_21f5a.dir/build.make:97: recipe for target 'cmTC_21f5a' failed
make[2]: *** [cmTC_21f5a] Error 1
make[2]: Leaving directory '/home/pi/mjpg/mjpg-streamer/mjpg-streamer-experimental/_build/CMakeFiles/CMakeTmp'
Makefile:126: recipe for target 'cmTC_21f5a/fast' failed
make[1]: *** [cmTC_21f5a/fast] Error 2
make[1]: Leaving directory '/home/pi/mjpg/mjpg-streamer/mjpg-streamer-experimental/_build/CMakeFiles/CMakeTmp'


